<?xml version="1.0" encoding="UTF-8"?>
<!-- Generated by org.testng.reporters.JUnitXMLReporter -->
<testsuite hostname="VR" ignored="1" name="Default test" tests="2" failures="0" timestamp="2020-06-08T15:50:44 IST" time="10.58" errors="0">
  <testcase name="postRequest" time="7.649" classname="practise_Court.Day1_Paypal_CreateProduct"/>
  <testcase name="postRequest" time="2.838" classname="practise_Court.Day1_Paypal_CreateProduct"/>
  <testcase name="verifyProductCreation" time="0.0" classname="practise_Court.Day1_Paypal_CreateProduct">
    <ignored/>
  </testcase> <!-- verifyProductCreation -->
</testsuite> <!-- Default test -->
