<?xml version="1.0" encoding="UTF-8"?>
<testng-results skipped="0" failed="0" ignored="1" total="3" passed="2">
  <reporter-output>
  </reporter-output>
  <suite name="Default suite" duration-ms="10580" started-at="2020-06-08T15:50:34 IST" finished-at="2020-06-08T15:50:44 IST">
    <groups>
    </groups>
    <test name="Default test" duration-ms="10580" started-at="2020-06-08T15:50:34 IST" finished-at="2020-06-08T15:50:44 IST">
      <class name="practise_Court.Day1_Paypal_CreateProduct">
        <test-method status="PASS" signature="postRequest(java.lang.String)[pri:0, instance:practise_Court.Day1_Paypal_CreateProduct@7c29daf3]" name="postRequest" duration-ms="7649" started-at="2020-06-08T15:50:34 IST" data-provider="getFileName" finished-at="2020-06-08T15:50:42 IST">
          <params>
            <param index="0">
              <value>
                <![CDATA[./Practise1.json]]>
              </value>
            </param>
          </params>
          <reporter-output>
          </reporter-output>
        </test-method> <!-- postRequest -->
        <test-method status="PASS" signature="postRequest(java.lang.String)[pri:0, instance:practise_Court.Day1_Paypal_CreateProduct@7c29daf3]" name="postRequest" duration-ms="2838" started-at="2020-06-08T15:50:42 IST" data-provider="getFileName" finished-at="2020-06-08T15:50:44 IST">
          <params>
            <param index="0">
              <value>
                <![CDATA[./Practise2.json]]>
              </value>
            </param>
          </params>
          <reporter-output>
          </reporter-output>
        </test-method> <!-- postRequest -->
      </class> <!-- practise_Court.Day1_Paypal_CreateProduct -->
    </test> <!-- Default test -->
  </suite> <!-- Default suite -->
</testng-results>
